2025-07-26 23:03:52 [ERROR]: CustomError: 用户名或密码错误
    at createError (/Users/buduan/Projects/Lottery-Tool-2/backend-2/src/utils/customError.js:48:10)
    at /Users/buduan/Projects/Lottery-Tool-2/backend-2/src/routes/auth.js:54:13
2025-07-26 23:03:52 [ERROR]: CustomError: Token无效或已过期
    at createError (/Users/buduan/Projects/Lottery-Tool-2/backend-2/src/utils/customError.js:48:10)
    at authenticateToken (/Users/buduan/Projects/Lottery-Tool-2/backend-2/src/middleware/auth.js:35:19)
    at Layer.handle [as handle_request] (/Users/buduan/Projects/Lottery-Tool-2/backend-2/node_modules/.pnpm/express@4.21.2/node_modules/express/lib/router/layer.js:95:5)
    at next (/Users/buduan/Projects/Lottery-Tool-2/backend-2/node_modules/.pnpm/express@4.21.2/node_modules/express/lib/router/route.js:149:13)
    at Route.dispatch (/Users/buduan/Projects/Lottery-Tool-2/backend-2/node_modules/.pnpm/express@4.21.2/node_modules/express/lib/router/route.js:119:3)
    at Layer.handle [as handle_request] (/Users/buduan/Projects/Lottery-Tool-2/backend-2/node_modules/.pnpm/express@4.21.2/node_modules/express/lib/router/layer.js:95:5)
    at /Users/buduan/Projects/Lottery-Tool-2/backend-2/node_modules/.pnpm/express@4.21.2/node_modules/express/lib/router/index.js:284:15
    at Function.process_params (/Users/buduan/Projects/Lottery-Tool-2/backend-2/node_modules/.pnpm/express@4.21.2/node_modules/express/lib/router/index.js:346:12)
    at next (/Users/buduan/Projects/Lottery-Tool-2/backend-2/node_modules/.pnpm/express@4.21.2/node_modules/express/lib/router/index.js:280:10)
    at Function.handle (/Users/buduan/Projects/Lottery-Tool-2/backend-2/node_modules/.pnpm/express@4.21.2/node_modules/express/lib/router/index.js:175:3)
2025-07-26 23:03:52 [ERROR]: CustomError: Token无效或已过期
    at createError (/Users/buduan/Projects/Lottery-Tool-2/backend-2/src/utils/customError.js:48:10)
    at authenticateToken (/Users/buduan/Projects/Lottery-Tool-2/backend-2/src/middleware/auth.js:35:19)
    at Layer.handle [as handle_request] (/Users/buduan/Projects/Lottery-Tool-2/backend-2/node_modules/.pnpm/express@4.21.2/node_modules/express/lib/router/layer.js:95:5)
    at trim_prefix (/Users/buduan/Projects/Lottery-Tool-2/backend-2/node_modules/.pnpm/express@4.21.2/node_modules/express/lib/router/index.js:328:13)
    at /Users/buduan/Projects/Lottery-Tool-2/backend-2/node_modules/.pnpm/express@4.21.2/node_modules/express/lib/router/index.js:286:9
    at Function.process_params (/Users/buduan/Projects/Lottery-Tool-2/backend-2/node_modules/.pnpm/express@4.21.2/node_modules/express/lib/router/index.js:346:12)
    at next (/Users/buduan/Projects/Lottery-Tool-2/backend-2/node_modules/.pnpm/express@4.21.2/node_modules/express/lib/router/index.js:280:10)
    at Function.handle (/Users/buduan/Projects/Lottery-Tool-2/backend-2/node_modules/.pnpm/express@4.21.2/node_modules/express/lib/router/index.js:175:3)
    at router (/Users/buduan/Projects/Lottery-Tool-2/backend-2/node_modules/.pnpm/express@4.21.2/node_modules/express/lib/router/index.js:47:12)
    at Layer.handle [as handle_request] (/Users/buduan/Projects/Lottery-Tool-2/backend-2/node_modules/.pnpm/express@4.21.2/node_modules/express/lib/router/layer.js:95:5)
2025-07-26 23:03:52 [ERROR]: CustomError: Token无效或已过期
    at createError (/Users/buduan/Projects/Lottery-Tool-2/backend-2/src/utils/customError.js:48:10)
    at authenticateToken (/Users/buduan/Projects/Lottery-Tool-2/backend-2/src/middleware/auth.js:35:19)
    at Layer.handle [as handle_request] (/Users/buduan/Projects/Lottery-Tool-2/backend-2/node_modules/.pnpm/express@4.21.2/node_modules/express/lib/router/layer.js:95:5)
    at trim_prefix (/Users/buduan/Projects/Lottery-Tool-2/backend-2/node_modules/.pnpm/express@4.21.2/node_modules/express/lib/router/index.js:328:13)
    at /Users/buduan/Projects/Lottery-Tool-2/backend-2/node_modules/.pnpm/express@4.21.2/node_modules/express/lib/router/index.js:286:9
    at Function.process_params (/Users/buduan/Projects/Lottery-Tool-2/backend-2/node_modules/.pnpm/express@4.21.2/node_modules/express/lib/router/index.js:346:12)
    at next (/Users/buduan/Projects/Lottery-Tool-2/backend-2/node_modules/.pnpm/express@4.21.2/node_modules/express/lib/router/index.js:280:10)
    at Function.handle (/Users/buduan/Projects/Lottery-Tool-2/backend-2/node_modules/.pnpm/express@4.21.2/node_modules/express/lib/router/index.js:175:3)
    at router (/Users/buduan/Projects/Lottery-Tool-2/backend-2/node_modules/.pnpm/express@4.21.2/node_modules/express/lib/router/index.js:47:12)
    at Layer.handle [as handle_request] (/Users/buduan/Projects/Lottery-Tool-2/backend-2/node_modules/.pnpm/express@4.21.2/node_modules/express/lib/router/layer.js:95:5)
2025-07-26 23:03:52 [ERROR]: CustomError: Token无效或已过期
    at createError (/Users/buduan/Projects/Lottery-Tool-2/backend-2/src/utils/customError.js:48:10)
    at authenticateToken (/Users/buduan/Projects/Lottery-Tool-2/backend-2/src/middleware/auth.js:35:19)
    at Layer.handle [as handle_request] (/Users/buduan/Projects/Lottery-Tool-2/backend-2/node_modules/.pnpm/express@4.21.2/node_modules/express/lib/router/layer.js:95:5)
    at trim_prefix (/Users/buduan/Projects/Lottery-Tool-2/backend-2/node_modules/.pnpm/express@4.21.2/node_modules/express/lib/router/index.js:328:13)
    at /Users/buduan/Projects/Lottery-Tool-2/backend-2/node_modules/.pnpm/express@4.21.2/node_modules/express/lib/router/index.js:286:9
    at Function.process_params (/Users/buduan/Projects/Lottery-Tool-2/backend-2/node_modules/.pnpm/express@4.21.2/node_modules/express/lib/router/index.js:346:12)
    at next (/Users/buduan/Projects/Lottery-Tool-2/backend-2/node_modules/.pnpm/express@4.21.2/node_modules/express/lib/router/index.js:280:10)
    at Function.handle (/Users/buduan/Projects/Lottery-Tool-2/backend-2/node_modules/.pnpm/express@4.21.2/node_modules/express/lib/router/index.js:175:3)
    at router (/Users/buduan/Projects/Lottery-Tool-2/backend-2/node_modules/.pnpm/express@4.21.2/node_modules/express/lib/router/index.js:47:12)
    at Layer.handle [as handle_request] (/Users/buduan/Projects/Lottery-Tool-2/backend-2/node_modules/.pnpm/express@4.21.2/node_modules/express/lib/router/layer.js:95:5)
2025-07-26 23:03:52 [ERROR]: CustomError: Token无效或已过期
    at createError (/Users/buduan/Projects/Lottery-Tool-2/backend-2/src/utils/customError.js:48:10)
    at authenticateToken (/Users/buduan/Projects/Lottery-Tool-2/backend-2/src/middleware/auth.js:35:19)
    at Layer.handle [as handle_request] (/Users/buduan/Projects/Lottery-Tool-2/backend-2/node_modules/.pnpm/express@4.21.2/node_modules/express/lib/router/layer.js:95:5)
    at trim_prefix (/Users/buduan/Projects/Lottery-Tool-2/backend-2/node_modules/.pnpm/express@4.21.2/node_modules/express/lib/router/index.js:328:13)
    at /Users/buduan/Projects/Lottery-Tool-2/backend-2/node_modules/.pnpm/express@4.21.2/node_modules/express/lib/router/index.js:286:9
    at Function.process_params (/Users/buduan/Projects/Lottery-Tool-2/backend-2/node_modules/.pnpm/express@4.21.2/node_modules/express/lib/router/index.js:346:12)
    at next (/Users/buduan/Projects/Lottery-Tool-2/backend-2/node_modules/.pnpm/express@4.21.2/node_modules/express/lib/router/index.js:280:10)
    at Function.handle (/Users/buduan/Projects/Lottery-Tool-2/backend-2/node_modules/.pnpm/express@4.21.2/node_modules/express/lib/router/index.js:175:3)
    at router (/Users/buduan/Projects/Lottery-Tool-2/backend-2/node_modules/.pnpm/express@4.21.2/node_modules/express/lib/router/index.js:47:12)
    at Layer.handle [as handle_request] (/Users/buduan/Projects/Lottery-Tool-2/backend-2/node_modules/.pnpm/express@4.21.2/node_modules/express/lib/router/layer.js:95:5)
2025-07-26 23:03:52 [ERROR]: CustomError: Token无效或已过期
    at createError (/Users/buduan/Projects/Lottery-Tool-2/backend-2/src/utils/customError.js:48:10)
    at authenticateToken (/Users/buduan/Projects/Lottery-Tool-2/backend-2/src/middleware/auth.js:35:19)
    at Layer.handle [as handle_request] (/Users/buduan/Projects/Lottery-Tool-2/backend-2/node_modules/.pnpm/express@4.21.2/node_modules/express/lib/router/layer.js:95:5)
    at trim_prefix (/Users/buduan/Projects/Lottery-Tool-2/backend-2/node_modules/.pnpm/express@4.21.2/node_modules/express/lib/router/index.js:328:13)
    at /Users/buduan/Projects/Lottery-Tool-2/backend-2/node_modules/.pnpm/express@4.21.2/node_modules/express/lib/router/index.js:286:9
    at Function.process_params (/Users/buduan/Projects/Lottery-Tool-2/backend-2/node_modules/.pnpm/express@4.21.2/node_modules/express/lib/router/index.js:346:12)
    at next (/Users/buduan/Projects/Lottery-Tool-2/backend-2/node_modules/.pnpm/express@4.21.2/node_modules/express/lib/router/index.js:280:10)
    at Function.handle (/Users/buduan/Projects/Lottery-Tool-2/backend-2/node_modules/.pnpm/express@4.21.2/node_modules/express/lib/router/index.js:175:3)
    at router (/Users/buduan/Projects/Lottery-Tool-2/backend-2/node_modules/.pnpm/express@4.21.2/node_modules/express/lib/router/index.js:47:12)
    at Layer.handle [as handle_request] (/Users/buduan/Projects/Lottery-Tool-2/backend-2/node_modules/.pnpm/express@4.21.2/node_modules/express/lib/router/layer.js:95:5)
2025-07-26 23:03:52 [ERROR]: CustomError: Token无效或已过期
    at createError (/Users/buduan/Projects/Lottery-Tool-2/backend-2/src/utils/customError.js:48:10)
    at authenticateToken (/Users/buduan/Projects/Lottery-Tool-2/backend-2/src/middleware/auth.js:35:19)
    at Layer.handle [as handle_request] (/Users/buduan/Projects/Lottery-Tool-2/backend-2/node_modules/.pnpm/express@4.21.2/node_modules/express/lib/router/layer.js:95:5)
    at trim_prefix (/Users/buduan/Projects/Lottery-Tool-2/backend-2/node_modules/.pnpm/express@4.21.2/node_modules/express/lib/router/index.js:328:13)
    at /Users/buduan/Projects/Lottery-Tool-2/backend-2/node_modules/.pnpm/express@4.21.2/node_modules/express/lib/router/index.js:286:9
    at Function.process_params (/Users/buduan/Projects/Lottery-Tool-2/backend-2/node_modules/.pnpm/express@4.21.2/node_modules/express/lib/router/index.js:346:12)
    at next (/Users/buduan/Projects/Lottery-Tool-2/backend-2/node_modules/.pnpm/express@4.21.2/node_modules/express/lib/router/index.js:280:10)
    at Function.handle (/Users/buduan/Projects/Lottery-Tool-2/backend-2/node_modules/.pnpm/express@4.21.2/node_modules/express/lib/router/index.js:175:3)
    at router (/Users/buduan/Projects/Lottery-Tool-2/backend-2/node_modules/.pnpm/express@4.21.2/node_modules/express/lib/router/index.js:47:12)
    at Layer.handle [as handle_request] (/Users/buduan/Projects/Lottery-Tool-2/backend-2/node_modules/.pnpm/express@4.21.2/node_modules/express/lib/router/layer.js:95:5)
2025-07-26 23:03:52 [ERROR]: CustomError: Token无效或已过期
    at createError (/Users/buduan/Projects/Lottery-Tool-2/backend-2/src/utils/customError.js:48:10)
    at authenticateToken (/Users/buduan/Projects/Lottery-Tool-2/backend-2/src/middleware/auth.js:35:19)
    at Layer.handle [as handle_request] (/Users/buduan/Projects/Lottery-Tool-2/backend-2/node_modules/.pnpm/express@4.21.2/node_modules/express/lib/router/layer.js:95:5)
    at trim_prefix (/Users/buduan/Projects/Lottery-Tool-2/backend-2/node_modules/.pnpm/express@4.21.2/node_modules/express/lib/router/index.js:328:13)
    at /Users/buduan/Projects/Lottery-Tool-2/backend-2/node_modules/.pnpm/express@4.21.2/node_modules/express/lib/router/index.js:286:9
    at Function.process_params (/Users/buduan/Projects/Lottery-Tool-2/backend-2/node_modules/.pnpm/express@4.21.2/node_modules/express/lib/router/index.js:346:12)
    at next (/Users/buduan/Projects/Lottery-Tool-2/backend-2/node_modules/.pnpm/express@4.21.2/node_modules/express/lib/router/index.js:280:10)
    at Function.handle (/Users/buduan/Projects/Lottery-Tool-2/backend-2/node_modules/.pnpm/express@4.21.2/node_modules/express/lib/router/index.js:175:3)
    at router (/Users/buduan/Projects/Lottery-Tool-2/backend-2/node_modules/.pnpm/express@4.21.2/node_modules/express/lib/router/index.js:47:12)
    at Layer.handle [as handle_request] (/Users/buduan/Projects/Lottery-Tool-2/backend-2/node_modules/.pnpm/express@4.21.2/node_modules/express/lib/router/layer.js:95:5)
2025-07-26 23:03:52 [ERROR]: CustomError: Token无效或已过期
    at createError (/Users/buduan/Projects/Lottery-Tool-2/backend-2/src/utils/customError.js:48:10)
    at authenticateToken (/Users/buduan/Projects/Lottery-Tool-2/backend-2/src/middleware/auth.js:35:19)
    at Layer.handle [as handle_request] (/Users/buduan/Projects/Lottery-Tool-2/backend-2/node_modules/.pnpm/express@4.21.2/node_modules/express/lib/router/layer.js:95:5)
    at trim_prefix (/Users/buduan/Projects/Lottery-Tool-2/backend-2/node_modules/.pnpm/express@4.21.2/node_modules/express/lib/router/index.js:328:13)
    at /Users/buduan/Projects/Lottery-Tool-2/backend-2/node_modules/.pnpm/express@4.21.2/node_modules/express/lib/router/index.js:286:9
    at Function.process_params (/Users/buduan/Projects/Lottery-Tool-2/backend-2/node_modules/.pnpm/express@4.21.2/node_modules/express/lib/router/index.js:346:12)
    at next (/Users/buduan/Projects/Lottery-Tool-2/backend-2/node_modules/.pnpm/express@4.21.2/node_modules/express/lib/router/index.js:280:10)
    at Function.handle (/Users/buduan/Projects/Lottery-Tool-2/backend-2/node_modules/.pnpm/express@4.21.2/node_modules/express/lib/router/index.js:175:3)
    at router (/Users/buduan/Projects/Lottery-Tool-2/backend-2/node_modules/.pnpm/express@4.21.2/node_modules/express/lib/router/index.js:47:12)
    at Layer.handle [as handle_request] (/Users/buduan/Projects/Lottery-Tool-2/backend-2/node_modules/.pnpm/express@4.21.2/node_modules/express/lib/router/layer.js:95:5)
2025-07-26 23:03:52 [ERROR]: CustomError: Token无效或已过期
    at createError (/Users/buduan/Projects/Lottery-Tool-2/backend-2/src/utils/customError.js:48:10)
    at authenticateToken (/Users/buduan/Projects/Lottery-Tool-2/backend-2/src/middleware/auth.js:35:19)
    at Layer.handle [as handle_request] (/Users/buduan/Projects/Lottery-Tool-2/backend-2/node_modules/.pnpm/express@4.21.2/node_modules/express/lib/router/layer.js:95:5)
    at trim_prefix (/Users/buduan/Projects/Lottery-Tool-2/backend-2/node_modules/.pnpm/express@4.21.2/node_modules/express/lib/router/index.js:328:13)
    at /Users/buduan/Projects/Lottery-Tool-2/backend-2/node_modules/.pnpm/express@4.21.2/node_modules/express/lib/router/index.js:286:9
    at Function.process_params (/Users/buduan/Projects/Lottery-Tool-2/backend-2/node_modules/.pnpm/express@4.21.2/node_modules/express/lib/router/index.js:346:12)
    at next (/Users/buduan/Projects/Lottery-Tool-2/backend-2/node_modules/.pnpm/express@4.21.2/node_modules/express/lib/router/index.js:280:10)
    at Function.handle (/Users/buduan/Projects/Lottery-Tool-2/backend-2/node_modules/.pnpm/express@4.21.2/node_modules/express/lib/router/index.js:175:3)
    at router (/Users/buduan/Projects/Lottery-Tool-2/backend-2/node_modules/.pnpm/express@4.21.2/node_modules/express/lib/router/index.js:47:12)
    at Layer.handle [as handle_request] (/Users/buduan/Projects/Lottery-Tool-2/backend-2/node_modules/.pnpm/express@4.21.2/node_modules/express/lib/router/layer.js:95:5)
2025-07-26 23:03:52 [ERROR]: CustomError: Token无效或已过期
    at createError (/Users/buduan/Projects/Lottery-Tool-2/backend-2/src/utils/customError.js:48:10)
    at authenticateToken (/Users/buduan/Projects/Lottery-Tool-2/backend-2/src/middleware/auth.js:35:19)
    at Layer.handle [as handle_request] (/Users/buduan/Projects/Lottery-Tool-2/backend-2/node_modules/.pnpm/express@4.21.2/node_modules/express/lib/router/layer.js:95:5)
    at trim_prefix (/Users/buduan/Projects/Lottery-Tool-2/backend-2/node_modules/.pnpm/express@4.21.2/node_modules/express/lib/router/index.js:328:13)
    at /Users/buduan/Projects/Lottery-Tool-2/backend-2/node_modules/.pnpm/express@4.21.2/node_modules/express/lib/router/index.js:286:9
    at Function.process_params (/Users/buduan/Projects/Lottery-Tool-2/backend-2/node_modules/.pnpm/express@4.21.2/node_modules/express/lib/router/index.js:346:12)
    at next (/Users/buduan/Projects/Lottery-Tool-2/backend-2/node_modules/.pnpm/express@4.21.2/node_modules/express/lib/router/index.js:280:10)
    at Function.handle (/Users/buduan/Projects/Lottery-Tool-2/backend-2/node_modules/.pnpm/express@4.21.2/node_modules/express/lib/router/index.js:175:3)
    at router (/Users/buduan/Projects/Lottery-Tool-2/backend-2/node_modules/.pnpm/express@4.21.2/node_modules/express/lib/router/index.js:47:12)
    at Layer.handle [as handle_request] (/Users/buduan/Projects/Lottery-Tool-2/backend-2/node_modules/.pnpm/express@4.21.2/node_modules/express/lib/router/layer.js:95:5)
2025-07-26 23:03:52 [ERROR]: CustomError: Token无效或已过期
    at createError (/Users/buduan/Projects/Lottery-Tool-2/backend-2/src/utils/customError.js:48:10)
    at authenticateToken (/Users/buduan/Projects/Lottery-Tool-2/backend-2/src/middleware/auth.js:35:19)
    at Layer.handle [as handle_request] (/Users/buduan/Projects/Lottery-Tool-2/backend-2/node_modules/.pnpm/express@4.21.2/node_modules/express/lib/router/layer.js:95:5)
    at trim_prefix (/Users/buduan/Projects/Lottery-Tool-2/backend-2/node_modules/.pnpm/express@4.21.2/node_modules/express/lib/router/index.js:328:13)
    at /Users/buduan/Projects/Lottery-Tool-2/backend-2/node_modules/.pnpm/express@4.21.2/node_modules/express/lib/router/index.js:286:9
    at Function.process_params (/Users/buduan/Projects/Lottery-Tool-2/backend-2/node_modules/.pnpm/express@4.21.2/node_modules/express/lib/router/index.js:346:12)
    at next (/Users/buduan/Projects/Lottery-Tool-2/backend-2/node_modules/.pnpm/express@4.21.2/node_modules/express/lib/router/index.js:280:10)
    at Function.handle (/Users/buduan/Projects/Lottery-Tool-2/backend-2/node_modules/.pnpm/express@4.21.2/node_modules/express/lib/router/index.js:175:3)
    at router (/Users/buduan/Projects/Lottery-Tool-2/backend-2/node_modules/.pnpm/express@4.21.2/node_modules/express/lib/router/index.js:47:12)
    at Layer.handle [as handle_request] (/Users/buduan/Projects/Lottery-Tool-2/backend-2/node_modules/.pnpm/express@4.21.2/node_modules/express/lib/router/layer.js:95:5)
2025-07-26 23:03:52 [ERROR]: CustomError: Token无效或已过期
    at createError (/Users/buduan/Projects/Lottery-Tool-2/backend-2/src/utils/customError.js:48:10)
    at authenticateToken (/Users/buduan/Projects/Lottery-Tool-2/backend-2/src/middleware/auth.js:35:19)
    at Layer.handle [as handle_request] (/Users/buduan/Projects/Lottery-Tool-2/backend-2/node_modules/.pnpm/express@4.21.2/node_modules/express/lib/router/layer.js:95:5)
    at trim_prefix (/Users/buduan/Projects/Lottery-Tool-2/backend-2/node_modules/.pnpm/express@4.21.2/node_modules/express/lib/router/index.js:328:13)
    at /Users/buduan/Projects/Lottery-Tool-2/backend-2/node_modules/.pnpm/express@4.21.2/node_modules/express/lib/router/index.js:286:9
    at Function.process_params (/Users/buduan/Projects/Lottery-Tool-2/backend-2/node_modules/.pnpm/express@4.21.2/node_modules/express/lib/router/index.js:346:12)
    at next (/Users/buduan/Projects/Lottery-Tool-2/backend-2/node_modules/.pnpm/express@4.21.2/node_modules/express/lib/router/index.js:280:10)
    at Function.handle (/Users/buduan/Projects/Lottery-Tool-2/backend-2/node_modules/.pnpm/express@4.21.2/node_modules/express/lib/router/index.js:175:3)
    at router (/Users/buduan/Projects/Lottery-Tool-2/backend-2/node_modules/.pnpm/express@4.21.2/node_modules/express/lib/router/index.js:47:12)
    at Layer.handle [as handle_request] (/Users/buduan/Projects/Lottery-Tool-2/backend-2/node_modules/.pnpm/express@4.21.2/node_modules/express/lib/router/layer.js:95:5)
2025-07-26 23:04:48 [ERROR]: CustomError: 用户名或密码错误
    at createError (/Users/buduan/Projects/Lottery-Tool-2/backend-2/src/utils/customError.js:48:10)
    at /Users/buduan/Projects/Lottery-Tool-2/backend-2/src/routes/auth.js:54:13
2025-07-26 23:04:48 [ERROR]: CustomError: Token无效或已过期
    at createError (/Users/buduan/Projects/Lottery-Tool-2/backend-2/src/utils/customError.js:48:10)
    at authenticateToken (/Users/buduan/Projects/Lottery-Tool-2/backend-2/src/middleware/auth.js:35:19)
    at Layer.handle [as handle_request] (/Users/buduan/Projects/Lottery-Tool-2/backend-2/node_modules/.pnpm/express@4.21.2/node_modules/express/lib/router/layer.js:95:5)
    at next (/Users/buduan/Projects/Lottery-Tool-2/backend-2/node_modules/.pnpm/express@4.21.2/node_modules/express/lib/router/route.js:149:13)
    at Route.dispatch (/Users/buduan/Projects/Lottery-Tool-2/backend-2/node_modules/.pnpm/express@4.21.2/node_modules/express/lib/router/route.js:119:3)
    at Layer.handle [as handle_request] (/Users/buduan/Projects/Lottery-Tool-2/backend-2/node_modules/.pnpm/express@4.21.2/node_modules/express/lib/router/layer.js:95:5)
    at /Users/buduan/Projects/Lottery-Tool-2/backend-2/node_modules/.pnpm/express@4.21.2/node_modules/express/lib/router/index.js:284:15
    at Function.process_params (/Users/buduan/Projects/Lottery-Tool-2/backend-2/node_modules/.pnpm/express@4.21.2/node_modules/express/lib/router/index.js:346:12)
    at next (/Users/buduan/Projects/Lottery-Tool-2/backend-2/node_modules/.pnpm/express@4.21.2/node_modules/express/lib/router/index.js:280:10)
    at Function.handle (/Users/buduan/Projects/Lottery-Tool-2/backend-2/node_modules/.pnpm/express@4.21.2/node_modules/express/lib/router/index.js:175:3)
2025-07-26 23:04:48 [ERROR]: CustomError: Token无效或已过期
    at createError (/Users/buduan/Projects/Lottery-Tool-2/backend-2/src/utils/customError.js:48:10)
    at authenticateToken (/Users/buduan/Projects/Lottery-Tool-2/backend-2/src/middleware/auth.js:35:19)
    at Layer.handle [as handle_request] (/Users/buduan/Projects/Lottery-Tool-2/backend-2/node_modules/.pnpm/express@4.21.2/node_modules/express/lib/router/layer.js:95:5)
    at trim_prefix (/Users/buduan/Projects/Lottery-Tool-2/backend-2/node_modules/.pnpm/express@4.21.2/node_modules/express/lib/router/index.js:328:13)
    at /Users/buduan/Projects/Lottery-Tool-2/backend-2/node_modules/.pnpm/express@4.21.2/node_modules/express/lib/router/index.js:286:9
    at Function.process_params (/Users/buduan/Projects/Lottery-Tool-2/backend-2/node_modules/.pnpm/express@4.21.2/node_modules/express/lib/router/index.js:346:12)
    at next (/Users/buduan/Projects/Lottery-Tool-2/backend-2/node_modules/.pnpm/express@4.21.2/node_modules/express/lib/router/index.js:280:10)
    at Function.handle (/Users/buduan/Projects/Lottery-Tool-2/backend-2/node_modules/.pnpm/express@4.21.2/node_modules/express/lib/router/index.js:175:3)
    at router (/Users/buduan/Projects/Lottery-Tool-2/backend-2/node_modules/.pnpm/express@4.21.2/node_modules/express/lib/router/index.js:47:12)
    at Layer.handle [as handle_request] (/Users/buduan/Projects/Lottery-Tool-2/backend-2/node_modules/.pnpm/express@4.21.2/node_modules/express/lib/router/layer.js:95:5)
2025-07-26 23:04:48 [ERROR]: CustomError: Token无效或已过期
    at createError (/Users/buduan/Projects/Lottery-Tool-2/backend-2/src/utils/customError.js:48:10)
    at authenticateToken (/Users/buduan/Projects/Lottery-Tool-2/backend-2/src/middleware/auth.js:35:19)
    at Layer.handle [as handle_request] (/Users/buduan/Projects/Lottery-Tool-2/backend-2/node_modules/.pnpm/express@4.21.2/node_modules/express/lib/router/layer.js:95:5)
    at trim_prefix (/Users/buduan/Projects/Lottery-Tool-2/backend-2/node_modules/.pnpm/express@4.21.2/node_modules/express/lib/router/index.js:328:13)
    at /Users/buduan/Projects/Lottery-Tool-2/backend-2/node_modules/.pnpm/express@4.21.2/node_modules/express/lib/router/index.js:286:9
    at Function.process_params (/Users/buduan/Projects/Lottery-Tool-2/backend-2/node_modules/.pnpm/express@4.21.2/node_modules/express/lib/router/index.js:346:12)
    at next (/Users/buduan/Projects/Lottery-Tool-2/backend-2/node_modules/.pnpm/express@4.21.2/node_modules/express/lib/router/index.js:280:10)
    at Function.handle (/Users/buduan/Projects/Lottery-Tool-2/backend-2/node_modules/.pnpm/express@4.21.2/node_modules/express/lib/router/index.js:175:3)
    at router (/Users/buduan/Projects/Lottery-Tool-2/backend-2/node_modules/.pnpm/express@4.21.2/node_modules/express/lib/router/index.js:47:12)
    at Layer.handle [as handle_request] (/Users/buduan/Projects/Lottery-Tool-2/backend-2/node_modules/.pnpm/express@4.21.2/node_modules/express/lib/router/layer.js:95:5)
2025-07-26 23:04:48 [ERROR]: CustomError: Token无效或已过期
    at createError (/Users/buduan/Projects/Lottery-Tool-2/backend-2/src/utils/customError.js:48:10)
    at authenticateToken (/Users/buduan/Projects/Lottery-Tool-2/backend-2/src/middleware/auth.js:35:19)
    at Layer.handle [as handle_request] (/Users/buduan/Projects/Lottery-Tool-2/backend-2/node_modules/.pnpm/express@4.21.2/node_modules/express/lib/router/layer.js:95:5)
    at trim_prefix (/Users/buduan/Projects/Lottery-Tool-2/backend-2/node_modules/.pnpm/express@4.21.2/node_modules/express/lib/router/index.js:328:13)
    at /Users/buduan/Projects/Lottery-Tool-2/backend-2/node_modules/.pnpm/express@4.21.2/node_modules/express/lib/router/index.js:286:9
    at Function.process_params (/Users/buduan/Projects/Lottery-Tool-2/backend-2/node_modules/.pnpm/express@4.21.2/node_modules/express/lib/router/index.js:346:12)
    at next (/Users/buduan/Projects/Lottery-Tool-2/backend-2/node_modules/.pnpm/express@4.21.2/node_modules/express/lib/router/index.js:280:10)
    at Function.handle (/Users/buduan/Projects/Lottery-Tool-2/backend-2/node_modules/.pnpm/express@4.21.2/node_modules/express/lib/router/index.js:175:3)
    at router (/Users/buduan/Projects/Lottery-Tool-2/backend-2/node_modules/.pnpm/express@4.21.2/node_modules/express/lib/router/index.js:47:12)
    at Layer.handle [as handle_request] (/Users/buduan/Projects/Lottery-Tool-2/backend-2/node_modules/.pnpm/express@4.21.2/node_modules/express/lib/router/layer.js:95:5)
2025-07-26 23:04:48 [ERROR]: CustomError: Token无效或已过期
    at createError (/Users/buduan/Projects/Lottery-Tool-2/backend-2/src/utils/customError.js:48:10)
    at authenticateToken (/Users/buduan/Projects/Lottery-Tool-2/backend-2/src/middleware/auth.js:35:19)
    at Layer.handle [as handle_request] (/Users/buduan/Projects/Lottery-Tool-2/backend-2/node_modules/.pnpm/express@4.21.2/node_modules/express/lib/router/layer.js:95:5)
    at trim_prefix (/Users/buduan/Projects/Lottery-Tool-2/backend-2/node_modules/.pnpm/express@4.21.2/node_modules/express/lib/router/index.js:328:13)
    at /Users/buduan/Projects/Lottery-Tool-2/backend-2/node_modules/.pnpm/express@4.21.2/node_modules/express/lib/router/index.js:286:9
    at Function.process_params (/Users/buduan/Projects/Lottery-Tool-2/backend-2/node_modules/.pnpm/express@4.21.2/node_modules/express/lib/router/index.js:346:12)
    at next (/Users/buduan/Projects/Lottery-Tool-2/backend-2/node_modules/.pnpm/express@4.21.2/node_modules/express/lib/router/index.js:280:10)
    at Function.handle (/Users/buduan/Projects/Lottery-Tool-2/backend-2/node_modules/.pnpm/express@4.21.2/node_modules/express/lib/router/index.js:175:3)
    at router (/Users/buduan/Projects/Lottery-Tool-2/backend-2/node_modules/.pnpm/express@4.21.2/node_modules/express/lib/router/index.js:47:12)
    at Layer.handle [as handle_request] (/Users/buduan/Projects/Lottery-Tool-2/backend-2/node_modules/.pnpm/express@4.21.2/node_modules/express/lib/router/layer.js:95:5)
2025-07-26 23:04:48 [ERROR]: CustomError: Token无效或已过期
    at createError (/Users/buduan/Projects/Lottery-Tool-2/backend-2/src/utils/customError.js:48:10)
    at authenticateToken (/Users/buduan/Projects/Lottery-Tool-2/backend-2/src/middleware/auth.js:35:19)
    at Layer.handle [as handle_request] (/Users/buduan/Projects/Lottery-Tool-2/backend-2/node_modules/.pnpm/express@4.21.2/node_modules/express/lib/router/layer.js:95:5)
    at trim_prefix (/Users/buduan/Projects/Lottery-Tool-2/backend-2/node_modules/.pnpm/express@4.21.2/node_modules/express/lib/router/index.js:328:13)
    at /Users/buduan/Projects/Lottery-Tool-2/backend-2/node_modules/.pnpm/express@4.21.2/node_modules/express/lib/router/index.js:286:9
    at Function.process_params (/Users/buduan/Projects/Lottery-Tool-2/backend-2/node_modules/.pnpm/express@4.21.2/node_modules/express/lib/router/index.js:346:12)
    at next (/Users/buduan/Projects/Lottery-Tool-2/backend-2/node_modules/.pnpm/express@4.21.2/node_modules/express/lib/router/index.js:280:10)
    at Function.handle (/Users/buduan/Projects/Lottery-Tool-2/backend-2/node_modules/.pnpm/express@4.21.2/node_modules/express/lib/router/index.js:175:3)
    at router (/Users/buduan/Projects/Lottery-Tool-2/backend-2/node_modules/.pnpm/express@4.21.2/node_modules/express/lib/router/index.js:47:12)
    at Layer.handle [as handle_request] (/Users/buduan/Projects/Lottery-Tool-2/backend-2/node_modules/.pnpm/express@4.21.2/node_modules/express/lib/router/layer.js:95:5)
2025-07-26 23:04:48 [ERROR]: CustomError: Token无效或已过期
    at createError (/Users/buduan/Projects/Lottery-Tool-2/backend-2/src/utils/customError.js:48:10)
    at authenticateToken (/Users/buduan/Projects/Lottery-Tool-2/backend-2/src/middleware/auth.js:35:19)
    at Layer.handle [as handle_request] (/Users/buduan/Projects/Lottery-Tool-2/backend-2/node_modules/.pnpm/express@4.21.2/node_modules/express/lib/router/layer.js:95:5)
    at trim_prefix (/Users/buduan/Projects/Lottery-Tool-2/backend-2/node_modules/.pnpm/express@4.21.2/node_modules/express/lib/router/index.js:328:13)
    at /Users/buduan/Projects/Lottery-Tool-2/backend-2/node_modules/.pnpm/express@4.21.2/node_modules/express/lib/router/index.js:286:9
    at Function.process_params (/Users/buduan/Projects/Lottery-Tool-2/backend-2/node_modules/.pnpm/express@4.21.2/node_modules/express/lib/router/index.js:346:12)
    at next (/Users/buduan/Projects/Lottery-Tool-2/backend-2/node_modules/.pnpm/express@4.21.2/node_modules/express/lib/router/index.js:280:10)
    at Function.handle (/Users/buduan/Projects/Lottery-Tool-2/backend-2/node_modules/.pnpm/express@4.21.2/node_modules/express/lib/router/index.js:175:3)
    at router (/Users/buduan/Projects/Lottery-Tool-2/backend-2/node_modules/.pnpm/express@4.21.2/node_modules/express/lib/router/index.js:47:12)
    at Layer.handle [as handle_request] (/Users/buduan/Projects/Lottery-Tool-2/backend-2/node_modules/.pnpm/express@4.21.2/node_modules/express/lib/router/layer.js:95:5)
2025-07-26 23:04:48 [ERROR]: CustomError: Token无效或已过期
    at createError (/Users/buduan/Projects/Lottery-Tool-2/backend-2/src/utils/customError.js:48:10)
    at authenticateToken (/Users/buduan/Projects/Lottery-Tool-2/backend-2/src/middleware/auth.js:35:19)
    at Layer.handle [as handle_request] (/Users/buduan/Projects/Lottery-Tool-2/backend-2/node_modules/.pnpm/express@4.21.2/node_modules/express/lib/router/layer.js:95:5)
    at trim_prefix (/Users/buduan/Projects/Lottery-Tool-2/backend-2/node_modules/.pnpm/express@4.21.2/node_modules/express/lib/router/index.js:328:13)
    at /Users/buduan/Projects/Lottery-Tool-2/backend-2/node_modules/.pnpm/express@4.21.2/node_modules/express/lib/router/index.js:286:9
    at Function.process_params (/Users/buduan/Projects/Lottery-Tool-2/backend-2/node_modules/.pnpm/express@4.21.2/node_modules/express/lib/router/index.js:346:12)
    at next (/Users/buduan/Projects/Lottery-Tool-2/backend-2/node_modules/.pnpm/express@4.21.2/node_modules/express/lib/router/index.js:280:10)
    at Function.handle (/Users/buduan/Projects/Lottery-Tool-2/backend-2/node_modules/.pnpm/express@4.21.2/node_modules/express/lib/router/index.js:175:3)
    at router (/Users/buduan/Projects/Lottery-Tool-2/backend-2/node_modules/.pnpm/express@4.21.2/node_modules/express/lib/router/index.js:47:12)
    at Layer.handle [as handle_request] (/Users/buduan/Projects/Lottery-Tool-2/backend-2/node_modules/.pnpm/express@4.21.2/node_modules/express/lib/router/layer.js:95:5)
2025-07-26 23:04:48 [ERROR]: CustomError: Token无效或已过期
    at createError (/Users/buduan/Projects/Lottery-Tool-2/backend-2/src/utils/customError.js:48:10)
    at authenticateToken (/Users/buduan/Projects/Lottery-Tool-2/backend-2/src/middleware/auth.js:35:19)
    at Layer.handle [as handle_request] (/Users/buduan/Projects/Lottery-Tool-2/backend-2/node_modules/.pnpm/express@4.21.2/node_modules/express/lib/router/layer.js:95:5)
    at trim_prefix (/Users/buduan/Projects/Lottery-Tool-2/backend-2/node_modules/.pnpm/express@4.21.2/node_modules/express/lib/router/index.js:328:13)
    at /Users/buduan/Projects/Lottery-Tool-2/backend-2/node_modules/.pnpm/express@4.21.2/node_modules/express/lib/router/index.js:286:9
    at Function.process_params (/Users/buduan/Projects/Lottery-Tool-2/backend-2/node_modules/.pnpm/express@4.21.2/node_modules/express/lib/router/index.js:346:12)
    at next (/Users/buduan/Projects/Lottery-Tool-2/backend-2/node_modules/.pnpm/express@4.21.2/node_modules/express/lib/router/index.js:280:10)
    at Function.handle (/Users/buduan/Projects/Lottery-Tool-2/backend-2/node_modules/.pnpm/express@4.21.2/node_modules/express/lib/router/index.js:175:3)
    at router (/Users/buduan/Projects/Lottery-Tool-2/backend-2/node_modules/.pnpm/express@4.21.2/node_modules/express/lib/router/index.js:47:12)
    at Layer.handle [as handle_request] (/Users/buduan/Projects/Lottery-Tool-2/backend-2/node_modules/.pnpm/express@4.21.2/node_modules/express/lib/router/layer.js:95:5)
2025-07-26 23:04:48 [ERROR]: CustomError: Token无效或已过期
    at createError (/Users/buduan/Projects/Lottery-Tool-2/backend-2/src/utils/customError.js:48:10)
    at authenticateToken (/Users/buduan/Projects/Lottery-Tool-2/backend-2/src/middleware/auth.js:35:19)
    at Layer.handle [as handle_request] (/Users/buduan/Projects/Lottery-Tool-2/backend-2/node_modules/.pnpm/express@4.21.2/node_modules/express/lib/router/layer.js:95:5)
    at trim_prefix (/Users/buduan/Projects/Lottery-Tool-2/backend-2/node_modules/.pnpm/express@4.21.2/node_modules/express/lib/router/index.js:328:13)
    at /Users/buduan/Projects/Lottery-Tool-2/backend-2/node_modules/.pnpm/express@4.21.2/node_modules/express/lib/router/index.js:286:9
    at Function.process_params (/Users/buduan/Projects/Lottery-Tool-2/backend-2/node_modules/.pnpm/express@4.21.2/node_modules/express/lib/router/index.js:346:12)
    at next (/Users/buduan/Projects/Lottery-Tool-2/backend-2/node_modules/.pnpm/express@4.21.2/node_modules/express/lib/router/index.js:280:10)
    at Function.handle (/Users/buduan/Projects/Lottery-Tool-2/backend-2/node_modules/.pnpm/express@4.21.2/node_modules/express/lib/router/index.js:175:3)
    at router (/Users/buduan/Projects/Lottery-Tool-2/backend-2/node_modules/.pnpm/express@4.21.2/node_modules/express/lib/router/index.js:47:12)
    at Layer.handle [as handle_request] (/Users/buduan/Projects/Lottery-Tool-2/backend-2/node_modules/.pnpm/express@4.21.2/node_modules/express/lib/router/layer.js:95:5)
2025-07-26 23:04:48 [ERROR]: CustomError: Token无效或已过期
    at createError (/Users/buduan/Projects/Lottery-Tool-2/backend-2/src/utils/customError.js:48:10)
    at authenticateToken (/Users/buduan/Projects/Lottery-Tool-2/backend-2/src/middleware/auth.js:35:19)
    at Layer.handle [as handle_request] (/Users/buduan/Projects/Lottery-Tool-2/backend-2/node_modules/.pnpm/express@4.21.2/node_modules/express/lib/router/layer.js:95:5)
    at trim_prefix (/Users/buduan/Projects/Lottery-Tool-2/backend-2/node_modules/.pnpm/express@4.21.2/node_modules/express/lib/router/index.js:328:13)
    at /Users/buduan/Projects/Lottery-Tool-2/backend-2/node_modules/.pnpm/express@4.21.2/node_modules/express/lib/router/index.js:286:9
    at Function.process_params (/Users/buduan/Projects/Lottery-Tool-2/backend-2/node_modules/.pnpm/express@4.21.2/node_modules/express/lib/router/index.js:346:12)
    at next (/Users/buduan/Projects/Lottery-Tool-2/backend-2/node_modules/.pnpm/express@4.21.2/node_modules/express/lib/router/index.js:280:10)
    at Function.handle (/Users/buduan/Projects/Lottery-Tool-2/backend-2/node_modules/.pnpm/express@4.21.2/node_modules/express/lib/router/index.js:175:3)
    at router (/Users/buduan/Projects/Lottery-Tool-2/backend-2/node_modules/.pnpm/express@4.21.2/node_modules/express/lib/router/index.js:47:12)
    at Layer.handle [as handle_request] (/Users/buduan/Projects/Lottery-Tool-2/backend-2/node_modules/.pnpm/express@4.21.2/node_modules/express/lib/router/layer.js:95:5)
2025-07-26 23:04:48 [ERROR]: CustomError: Token无效或已过期
    at createError (/Users/buduan/Projects/Lottery-Tool-2/backend-2/src/utils/customError.js:48:10)
    at authenticateToken (/Users/buduan/Projects/Lottery-Tool-2/backend-2/src/middleware/auth.js:35:19)
    at Layer.handle [as handle_request] (/Users/buduan/Projects/Lottery-Tool-2/backend-2/node_modules/.pnpm/express@4.21.2/node_modules/express/lib/router/layer.js:95:5)
    at trim_prefix (/Users/buduan/Projects/Lottery-Tool-2/backend-2/node_modules/.pnpm/express@4.21.2/node_modules/express/lib/router/index.js:328:13)
    at /Users/buduan/Projects/Lottery-Tool-2/backend-2/node_modules/.pnpm/express@4.21.2/node_modules/express/lib/router/index.js:286:9
    at Function.process_params (/Users/buduan/Projects/Lottery-Tool-2/backend-2/node_modules/.pnpm/express@4.21.2/node_modules/express/lib/router/index.js:346:12)
    at next (/Users/buduan/Projects/Lottery-Tool-2/backend-2/node_modules/.pnpm/express@4.21.2/node_modules/express/lib/router/index.js:280:10)
    at Function.handle (/Users/buduan/Projects/Lottery-Tool-2/backend-2/node_modules/.pnpm/express@4.21.2/node_modules/express/lib/router/index.js:175:3)
    at router (/Users/buduan/Projects/Lottery-Tool-2/backend-2/node_modules/.pnpm/express@4.21.2/node_modules/express/lib/router/index.js:47:12)
    at Layer.handle [as handle_request] (/Users/buduan/Projects/Lottery-Tool-2/backend-2/node_modules/.pnpm/express@4.21.2/node_modules/express/lib/router/layer.js:95:5)
2025-07-26 23:04:48 [ERROR]: CustomError: Token无效或已过期
    at createError (/Users/buduan/Projects/Lottery-Tool-2/backend-2/src/utils/customError.js:48:10)
    at authenticateToken (/Users/buduan/Projects/Lottery-Tool-2/backend-2/src/middleware/auth.js:35:19)
    at Layer.handle [as handle_request] (/Users/buduan/Projects/Lottery-Tool-2/backend-2/node_modules/.pnpm/express@4.21.2/node_modules/express/lib/router/layer.js:95:5)
    at trim_prefix (/Users/buduan/Projects/Lottery-Tool-2/backend-2/node_modules/.pnpm/express@4.21.2/node_modules/express/lib/router/index.js:328:13)
    at /Users/buduan/Projects/Lottery-Tool-2/backend-2/node_modules/.pnpm/express@4.21.2/node_modules/express/lib/router/index.js:286:9
    at Function.process_params (/Users/buduan/Projects/Lottery-Tool-2/backend-2/node_modules/.pnpm/express@4.21.2/node_modules/express/lib/router/index.js:346:12)
    at next (/Users/buduan/Projects/Lottery-Tool-2/backend-2/node_modules/.pnpm/express@4.21.2/node_modules/express/lib/router/index.js:280:10)
    at Function.handle (/Users/buduan/Projects/Lottery-Tool-2/backend-2/node_modules/.pnpm/express@4.21.2/node_modules/express/lib/router/index.js:175:3)
    at router (/Users/buduan/Projects/Lottery-Tool-2/backend-2/node_modules/.pnpm/express@4.21.2/node_modules/express/lib/router/index.js:47:12)
    at Layer.handle [as handle_request] (/Users/buduan/Projects/Lottery-Tool-2/backend-2/node_modules/.pnpm/express@4.21.2/node_modules/express/lib/router/layer.js:95:5)
2025-07-26 23:05:28 [ERROR]: CustomError: 用户名或密码错误
    at createError (/Users/buduan/Projects/Lottery-Tool-2/backend-2/src/utils/customError.js:48:10)
    at /Users/buduan/Projects/Lottery-Tool-2/backend-2/src/routes/auth.js:54:13
2025-07-27 00:36:00 [ERROR]: CustomError: Token无效或已过期
    at createError (/Users/buduan/Projects/Lottery-Tool-2/backend-2/src/utils/customError.js:48:10)
    at authenticateToken (/Users/buduan/Projects/Lottery-Tool-2/backend-2/src/middleware/auth.js:14:13)
    at Layer.handle [as handle_request] (/Users/buduan/Projects/Lottery-Tool-2/backend-2/node_modules/.pnpm/express@4.21.2/node_modules/express/lib/router/layer.js:95:5)
    at trim_prefix (/Users/buduan/Projects/Lottery-Tool-2/backend-2/node_modules/.pnpm/express@4.21.2/node_modules/express/lib/router/index.js:328:13)
    at /Users/buduan/Projects/Lottery-Tool-2/backend-2/node_modules/.pnpm/express@4.21.2/node_modules/express/lib/router/index.js:286:9
    at Function.process_params (/Users/buduan/Projects/Lottery-Tool-2/backend-2/node_modules/.pnpm/express@4.21.2/node_modules/express/lib/router/index.js:346:12)
    at next (/Users/buduan/Projects/Lottery-Tool-2/backend-2/node_modules/.pnpm/express@4.21.2/node_modules/express/lib/router/index.js:280:10)
    at Function.handle (/Users/buduan/Projects/Lottery-Tool-2/backend-2/node_modules/.pnpm/express@4.21.2/node_modules/express/lib/router/index.js:175:3)
    at router (/Users/buduan/Projects/Lottery-Tool-2/backend-2/node_modules/.pnpm/express@4.21.2/node_modules/express/lib/router/index.js:47:12)
    at Layer.handle [as handle_request] (/Users/buduan/Projects/Lottery-Tool-2/backend-2/node_modules/.pnpm/express@4.21.2/node_modules/express/lib/router/layer.js:95:5)
2025-07-27 00:36:01 [ERROR]: CustomError: Token无效或已过期
    at createError (/Users/buduan/Projects/Lottery-Tool-2/backend-2/src/utils/customError.js:48:10)
    at authenticateToken (/Users/buduan/Projects/Lottery-Tool-2/backend-2/src/middleware/auth.js:14:13)
    at Layer.handle [as handle_request] (/Users/buduan/Projects/Lottery-Tool-2/backend-2/node_modules/.pnpm/express@4.21.2/node_modules/express/lib/router/layer.js:95:5)
    at trim_prefix (/Users/buduan/Projects/Lottery-Tool-2/backend-2/node_modules/.pnpm/express@4.21.2/node_modules/express/lib/router/index.js:328:13)
    at /Users/buduan/Projects/Lottery-Tool-2/backend-2/node_modules/.pnpm/express@4.21.2/node_modules/express/lib/router/index.js:286:9
    at Function.process_params (/Users/buduan/Projects/Lottery-Tool-2/backend-2/node_modules/.pnpm/express@4.21.2/node_modules/express/lib/router/index.js:346:12)
    at next (/Users/buduan/Projects/Lottery-Tool-2/backend-2/node_modules/.pnpm/express@4.21.2/node_modules/express/lib/router/index.js:280:10)
    at Function.handle (/Users/buduan/Projects/Lottery-Tool-2/backend-2/node_modules/.pnpm/express@4.21.2/node_modules/express/lib/router/index.js:175:3)
    at router (/Users/buduan/Projects/Lottery-Tool-2/backend-2/node_modules/.pnpm/express@4.21.2/node_modules/express/lib/router/index.js:47:12)
    at Layer.handle [as handle_request] (/Users/buduan/Projects/Lottery-Tool-2/backend-2/node_modules/.pnpm/express@4.21.2/node_modules/express/lib/router/layer.js:95:5)
2025-07-27 00:36:02 [ERROR]: CustomError: Token无效或已过期
    at createError (/Users/buduan/Projects/Lottery-Tool-2/backend-2/src/utils/customError.js:48:10)
    at authenticateToken (/Users/buduan/Projects/Lottery-Tool-2/backend-2/src/middleware/auth.js:14:13)
    at Layer.handle [as handle_request] (/Users/buduan/Projects/Lottery-Tool-2/backend-2/node_modules/.pnpm/express@4.21.2/node_modules/express/lib/router/layer.js:95:5)
    at trim_prefix (/Users/buduan/Projects/Lottery-Tool-2/backend-2/node_modules/.pnpm/express@4.21.2/node_modules/express/lib/router/index.js:328:13)
    at /Users/buduan/Projects/Lottery-Tool-2/backend-2/node_modules/.pnpm/express@4.21.2/node_modules/express/lib/router/index.js:286:9
    at Function.process_params (/Users/buduan/Projects/Lottery-Tool-2/backend-2/node_modules/.pnpm/express@4.21.2/node_modules/express/lib/router/index.js:346:12)
    at next (/Users/buduan/Projects/Lottery-Tool-2/backend-2/node_modules/.pnpm/express@4.21.2/node_modules/express/lib/router/index.js:280:10)
    at Function.handle (/Users/buduan/Projects/Lottery-Tool-2/backend-2/node_modules/.pnpm/express@4.21.2/node_modules/express/lib/router/index.js:175:3)
    at router (/Users/buduan/Projects/Lottery-Tool-2/backend-2/node_modules/.pnpm/express@4.21.2/node_modules/express/lib/router/index.js:47:12)
    at Layer.handle [as handle_request] (/Users/buduan/Projects/Lottery-Tool-2/backend-2/node_modules/.pnpm/express@4.21.2/node_modules/express/lib/router/layer.js:95:5)
2025-07-27 00:36:03 [ERROR]: CustomError: Token无效或已过期
    at createError (/Users/buduan/Projects/Lottery-Tool-2/backend-2/src/utils/customError.js:48:10)
    at authenticateToken (/Users/buduan/Projects/Lottery-Tool-2/backend-2/src/middleware/auth.js:14:13)
    at Layer.handle [as handle_request] (/Users/buduan/Projects/Lottery-Tool-2/backend-2/node_modules/.pnpm/express@4.21.2/node_modules/express/lib/router/layer.js:95:5)
    at trim_prefix (/Users/buduan/Projects/Lottery-Tool-2/backend-2/node_modules/.pnpm/express@4.21.2/node_modules/express/lib/router/index.js:328:13)
    at /Users/buduan/Projects/Lottery-Tool-2/backend-2/node_modules/.pnpm/express@4.21.2/node_modules/express/lib/router/index.js:286:9
    at Function.process_params (/Users/buduan/Projects/Lottery-Tool-2/backend-2/node_modules/.pnpm/express@4.21.2/node_modules/express/lib/router/index.js:346:12)
    at next (/Users/buduan/Projects/Lottery-Tool-2/backend-2/node_modules/.pnpm/express@4.21.2/node_modules/express/lib/router/index.js:280:10)
    at Function.handle (/Users/buduan/Projects/Lottery-Tool-2/backend-2/node_modules/.pnpm/express@4.21.2/node_modules/express/lib/router/index.js:175:3)
    at router (/Users/buduan/Projects/Lottery-Tool-2/backend-2/node_modules/.pnpm/express@4.21.2/node_modules/express/lib/router/index.js:47:12)
    at Layer.handle [as handle_request] (/Users/buduan/Projects/Lottery-Tool-2/backend-2/node_modules/.pnpm/express@4.21.2/node_modules/express/lib/router/layer.js:95:5)
2025-07-27 00:36:03 [ERROR]: CustomError: Token无效或已过期
    at createError (/Users/buduan/Projects/Lottery-Tool-2/backend-2/src/utils/customError.js:48:10)
    at authenticateToken (/Users/buduan/Projects/Lottery-Tool-2/backend-2/src/middleware/auth.js:14:13)
    at Layer.handle [as handle_request] (/Users/buduan/Projects/Lottery-Tool-2/backend-2/node_modules/.pnpm/express@4.21.2/node_modules/express/lib/router/layer.js:95:5)
    at trim_prefix (/Users/buduan/Projects/Lottery-Tool-2/backend-2/node_modules/.pnpm/express@4.21.2/node_modules/express/lib/router/index.js:328:13)
    at /Users/buduan/Projects/Lottery-Tool-2/backend-2/node_modules/.pnpm/express@4.21.2/node_modules/express/lib/router/index.js:286:9
    at Function.process_params (/Users/buduan/Projects/Lottery-Tool-2/backend-2/node_modules/.pnpm/express@4.21.2/node_modules/express/lib/router/index.js:346:12)
    at next (/Users/buduan/Projects/Lottery-Tool-2/backend-2/node_modules/.pnpm/express@4.21.2/node_modules/express/lib/router/index.js:280:10)
    at Function.handle (/Users/buduan/Projects/Lottery-Tool-2/backend-2/node_modules/.pnpm/express@4.21.2/node_modules/express/lib/router/index.js:175:3)
    at router (/Users/buduan/Projects/Lottery-Tool-2/backend-2/node_modules/.pnpm/express@4.21.2/node_modules/express/lib/router/index.js:47:12)
    at Layer.handle [as handle_request] (/Users/buduan/Projects/Lottery-Tool-2/backend-2/node_modules/.pnpm/express@4.21.2/node_modules/express/lib/router/layer.js:95:5)
2025-07-27 00:52:22 [ERROR]: CustomError: Token无效或已过期
    at createError (/Users/buduan/Projects/Lottery-Tool-2/backend-2/src/utils/customError.js:48:10)
    at authenticateToken (/Users/buduan/Projects/Lottery-Tool-2/backend-2/src/middleware/auth.js:14:13)
    at Layer.handle [as handle_request] (/Users/buduan/Projects/Lottery-Tool-2/backend-2/node_modules/.pnpm/express@4.21.2/node_modules/express/lib/router/layer.js:95:5)
    at next (/Users/buduan/Projects/Lottery-Tool-2/backend-2/node_modules/.pnpm/express@4.21.2/node_modules/express/lib/router/route.js:149:13)
    at Route.dispatch (/Users/buduan/Projects/Lottery-Tool-2/backend-2/node_modules/.pnpm/express@4.21.2/node_modules/express/lib/router/route.js:119:3)
    at Layer.handle [as handle_request] (/Users/buduan/Projects/Lottery-Tool-2/backend-2/node_modules/.pnpm/express@4.21.2/node_modules/express/lib/router/layer.js:95:5)
    at /Users/buduan/Projects/Lottery-Tool-2/backend-2/node_modules/.pnpm/express@4.21.2/node_modules/express/lib/router/index.js:284:15
    at Function.process_params (/Users/buduan/Projects/Lottery-Tool-2/backend-2/node_modules/.pnpm/express@4.21.2/node_modules/express/lib/router/index.js:346:12)
    at next (/Users/buduan/Projects/Lottery-Tool-2/backend-2/node_modules/.pnpm/express@4.21.2/node_modules/express/lib/router/index.js:280:10)
    at Function.handle (/Users/buduan/Projects/Lottery-Tool-2/backend-2/node_modules/.pnpm/express@4.21.2/node_modules/express/lib/router/index.js:175:3)
2025-07-27 01:23:34 [ERROR]: CustomError: 参数格式错误
    at createError (/Users/buduan/Projects/Lottery-Tool-2/backend-2/src/utils/customError.js:48:10)
    at validateRequest (/Users/buduan/Projects/Lottery-Tool-2/backend-2/src/routes/auth.js:16:17)
    at Layer.handle [as handle_request] (/Users/buduan/Projects/Lottery-Tool-2/backend-2/node_modules/.pnpm/express@4.21.2/node_modules/express/lib/router/layer.js:95:5)
    at next (/Users/buduan/Projects/Lottery-Tool-2/backend-2/node_modules/.pnpm/express@4.21.2/node_modules/express/lib/router/route.js:149:13)
    at middleware (/Users/buduan/Projects/Lottery-Tool-2/backend-2/node_modules/.pnpm/express-validator@7.2.1/node_modules/express-validator/lib/middlewares/check.js:16:13)
    at process.processTicksAndRejections (node:internal/process/task_queues:105:5)
2025-07-27 01:23:35 [ERROR]: CustomError: 参数格式错误
    at createError (/Users/buduan/Projects/Lottery-Tool-2/backend-2/src/utils/customError.js:48:10)
    at validateRequest (/Users/buduan/Projects/Lottery-Tool-2/backend-2/src/routes/auth.js:16:17)
    at Layer.handle [as handle_request] (/Users/buduan/Projects/Lottery-Tool-2/backend-2/node_modules/.pnpm/express@4.21.2/node_modules/express/lib/router/layer.js:95:5)
    at next (/Users/buduan/Projects/Lottery-Tool-2/backend-2/node_modules/.pnpm/express@4.21.2/node_modules/express/lib/router/route.js:149:13)
    at middleware (/Users/buduan/Projects/Lottery-Tool-2/backend-2/node_modules/.pnpm/express-validator@7.2.1/node_modules/express-validator/lib/middlewares/check.js:16:13)
    at process.processTicksAndRejections (node:internal/process/task_queues:105:5)
2025-07-27 01:23:45 [ERROR]: CustomError: 参数格式错误
    at createError (/Users/buduan/Projects/Lottery-Tool-2/backend-2/src/utils/customError.js:48:10)
    at validateRequest (/Users/buduan/Projects/Lottery-Tool-2/backend-2/src/routes/auth.js:16:17)
    at Layer.handle [as handle_request] (/Users/buduan/Projects/Lottery-Tool-2/backend-2/node_modules/.pnpm/express@4.21.2/node_modules/express/lib/router/layer.js:95:5)
    at next (/Users/buduan/Projects/Lottery-Tool-2/backend-2/node_modules/.pnpm/express@4.21.2/node_modules/express/lib/router/route.js:149:13)
    at middleware (/Users/buduan/Projects/Lottery-Tool-2/backend-2/node_modules/.pnpm/express-validator@7.2.1/node_modules/express-validator/lib/middlewares/check.js:16:13)
    at process.processTicksAndRejections (node:internal/process/task_queues:105:5)
2025-07-27 01:25:01 [ERROR]: CustomError: 参数格式错误
    at createError (/Users/buduan/Projects/Lottery-Tool-2/backend-2/src/utils/customError.js:48:10)
    at validateRequest (/Users/buduan/Projects/Lottery-Tool-2/backend-2/src/routes/admin/activities.js:17:17)
    at Layer.handle [as handle_request] (/Users/buduan/Projects/Lottery-Tool-2/backend-2/node_modules/.pnpm/express@4.21.2/node_modules/express/lib/router/layer.js:95:5)
    at next (/Users/buduan/Projects/Lottery-Tool-2/backend-2/node_modules/.pnpm/express@4.21.2/node_modules/express/lib/router/route.js:149:13)
    at middleware (/Users/buduan/Projects/Lottery-Tool-2/backend-2/node_modules/.pnpm/express-validator@7.2.1/node_modules/express-validator/lib/middlewares/check.js:16:13)
    at process.processTicksAndRejections (node:internal/process/task_queues:105:5)
2025-07-27 01:25:02 [ERROR]: CustomError: 参数格式错误
    at createError (/Users/buduan/Projects/Lottery-Tool-2/backend-2/src/utils/customError.js:48:10)
    at validateRequest (/Users/buduan/Projects/Lottery-Tool-2/backend-2/src/routes/admin/activities.js:17:17)
    at Layer.handle [as handle_request] (/Users/buduan/Projects/Lottery-Tool-2/backend-2/node_modules/.pnpm/express@4.21.2/node_modules/express/lib/router/layer.js:95:5)
    at next (/Users/buduan/Projects/Lottery-Tool-2/backend-2/node_modules/.pnpm/express@4.21.2/node_modules/express/lib/router/route.js:149:13)
    at middleware (/Users/buduan/Projects/Lottery-Tool-2/backend-2/node_modules/.pnpm/express-validator@7.2.1/node_modules/express-validator/lib/middlewares/check.js:16:13)
    at process.processTicksAndRejections (node:internal/process/task_queues:105:5)
2025-07-27 01:25:11 [ERROR]: CustomError: 参数格式错误
    at createError (/Users/buduan/Projects/Lottery-Tool-2/backend-2/src/utils/customError.js:48:10)
    at validateRequest (/Users/buduan/Projects/Lottery-Tool-2/backend-2/src/routes/admin/activities.js:17:17)
    at Layer.handle [as handle_request] (/Users/buduan/Projects/Lottery-Tool-2/backend-2/node_modules/.pnpm/express@4.21.2/node_modules/express/lib/router/layer.js:95:5)
    at next (/Users/buduan/Projects/Lottery-Tool-2/backend-2/node_modules/.pnpm/express@4.21.2/node_modules/express/lib/router/route.js:149:13)
    at middleware (/Users/buduan/Projects/Lottery-Tool-2/backend-2/node_modules/.pnpm/express-validator@7.2.1/node_modules/express-validator/lib/middlewares/check.js:16:13)
    at process.processTicksAndRejections (node:internal/process/task_queues:105:5)
2025-07-27 01:25:12 [ERROR]: CustomError: 参数格式错误
    at createError (/Users/buduan/Projects/Lottery-Tool-2/backend-2/src/utils/customError.js:48:10)
    at validateRequest (/Users/buduan/Projects/Lottery-Tool-2/backend-2/src/routes/admin/activities.js:17:17)
    at Layer.handle [as handle_request] (/Users/buduan/Projects/Lottery-Tool-2/backend-2/node_modules/.pnpm/express@4.21.2/node_modules/express/lib/router/layer.js:95:5)
    at next (/Users/buduan/Projects/Lottery-Tool-2/backend-2/node_modules/.pnpm/express@4.21.2/node_modules/express/lib/router/route.js:149:13)
    at middleware (/Users/buduan/Projects/Lottery-Tool-2/backend-2/node_modules/.pnpm/express-validator@7.2.1/node_modules/express-validator/lib/middlewares/check.js:16:13)
    at process.processTicksAndRejections (node:internal/process/task_queues:105:5)
2025-07-27 01:30:22 [ERROR]: CustomError: 参数格式错误
    at createError (/Users/buduan/Projects/Lottery-Tool-2/backend-2/src/utils/customError.js:48:10)
    at validateRequest (/Users/buduan/Projects/Lottery-Tool-2/backend-2/src/routes/admin/activities.js:17:17)
    at Layer.handle [as handle_request] (/Users/buduan/Projects/Lottery-Tool-2/backend-2/node_modules/.pnpm/express@4.21.2/node_modules/express/lib/router/layer.js:95:5)
    at next (/Users/buduan/Projects/Lottery-Tool-2/backend-2/node_modules/.pnpm/express@4.21.2/node_modules/express/lib/router/route.js:149:13)
    at middleware (/Users/buduan/Projects/Lottery-Tool-2/backend-2/node_modules/.pnpm/express-validator@7.2.1/node_modules/express-validator/lib/middlewares/check.js:16:13)
    at process.processTicksAndRejections (node:internal/process/task_queues:105:5)
2025-07-27 01:30:24 [ERROR]: CustomError: 参数格式错误
    at createError (/Users/buduan/Projects/Lottery-Tool-2/backend-2/src/utils/customError.js:48:10)
    at validateRequest (/Users/buduan/Projects/Lottery-Tool-2/backend-2/src/routes/admin/activities.js:17:17)
    at Layer.handle [as handle_request] (/Users/buduan/Projects/Lottery-Tool-2/backend-2/node_modules/.pnpm/express@4.21.2/node_modules/express/lib/router/layer.js:95:5)
    at next (/Users/buduan/Projects/Lottery-Tool-2/backend-2/node_modules/.pnpm/express@4.21.2/node_modules/express/lib/router/route.js:149:13)
    at middleware (/Users/buduan/Projects/Lottery-Tool-2/backend-2/node_modules/.pnpm/express-validator@7.2.1/node_modules/express-validator/lib/middlewares/check.js:16:13)
    at process.processTicksAndRejections (node:internal/process/task_queues:105:5)
2025-07-27 01:30:49 [ERROR]: CustomError: 参数格式错误
    at createError (/Users/buduan/Projects/Lottery-Tool-2/backend-2/src/utils/customError.js:48:10)
    at validateRequest (/Users/buduan/Projects/Lottery-Tool-2/backend-2/src/routes/admin/activities.js:17:17)
    at Layer.handle [as handle_request] (/Users/buduan/Projects/Lottery-Tool-2/backend-2/node_modules/.pnpm/express@4.21.2/node_modules/express/lib/router/layer.js:95:5)
    at next (/Users/buduan/Projects/Lottery-Tool-2/backend-2/node_modules/.pnpm/express@4.21.2/node_modules/express/lib/router/route.js:149:13)
    at middleware (/Users/buduan/Projects/Lottery-Tool-2/backend-2/node_modules/.pnpm/express-validator@7.2.1/node_modules/express-validator/lib/middlewares/check.js:16:13)
    at process.processTicksAndRejections (node:internal/process/task_queues:105:5)
2025-07-27 01:30:50 [ERROR]: CustomError: 参数格式错误
    at createError (/Users/buduan/Projects/Lottery-Tool-2/backend-2/src/utils/customError.js:48:10)
    at validateRequest (/Users/buduan/Projects/Lottery-Tool-2/backend-2/src/routes/admin/activities.js:17:17)
    at Layer.handle [as handle_request] (/Users/buduan/Projects/Lottery-Tool-2/backend-2/node_modules/.pnpm/express@4.21.2/node_modules/express/lib/router/layer.js:95:5)
    at next (/Users/buduan/Projects/Lottery-Tool-2/backend-2/node_modules/.pnpm/express@4.21.2/node_modules/express/lib/router/route.js:149:13)
    at middleware (/Users/buduan/Projects/Lottery-Tool-2/backend-2/node_modules/.pnpm/express-validator@7.2.1/node_modules/express-validator/lib/middlewares/check.js:16:13)
    at process.processTicksAndRejections (node:internal/process/task_queues:105:5)
2025-07-27 01:31:03 [ERROR]: CustomError: 参数格式错误
    at createError (/Users/buduan/Projects/Lottery-Tool-2/backend-2/src/utils/customError.js:48:10)
    at validateRequest (/Users/buduan/Projects/Lottery-Tool-2/backend-2/src/routes/admin/activities.js:17:17)
    at Layer.handle [as handle_request] (/Users/buduan/Projects/Lottery-Tool-2/backend-2/node_modules/.pnpm/express@4.21.2/node_modules/express/lib/router/layer.js:95:5)
    at next (/Users/buduan/Projects/Lottery-Tool-2/backend-2/node_modules/.pnpm/express@4.21.2/node_modules/express/lib/router/route.js:149:13)
    at middleware (/Users/buduan/Projects/Lottery-Tool-2/backend-2/node_modules/.pnpm/express-validator@7.2.1/node_modules/express-validator/lib/middlewares/check.js:16:13)
    at process.processTicksAndRejections (node:internal/process/task_queues:105:5)
2025-07-27 01:31:04 [ERROR]: CustomError: 参数格式错误
    at createError (/Users/buduan/Projects/Lottery-Tool-2/backend-2/src/utils/customError.js:48:10)
    at validateRequest (/Users/buduan/Projects/Lottery-Tool-2/backend-2/src/routes/admin/activities.js:17:17)
    at Layer.handle [as handle_request] (/Users/buduan/Projects/Lottery-Tool-2/backend-2/node_modules/.pnpm/express@4.21.2/node_modules/express/lib/router/layer.js:95:5)
    at next (/Users/buduan/Projects/Lottery-Tool-2/backend-2/node_modules/.pnpm/express@4.21.2/node_modules/express/lib/router/route.js:149:13)
    at middleware (/Users/buduan/Projects/Lottery-Tool-2/backend-2/node_modules/.pnpm/express-validator@7.2.1/node_modules/express-validator/lib/middlewares/check.js:16:13)
    at process.processTicksAndRejections (node:internal/process/task_queues:105:5)
2025-07-27 01:31:04 [ERROR]: CustomError: 参数格式错误
    at createError (/Users/buduan/Projects/Lottery-Tool-2/backend-2/src/utils/customError.js:48:10)
    at validateRequest (/Users/buduan/Projects/Lottery-Tool-2/backend-2/src/routes/admin/activities.js:17:17)
    at Layer.handle [as handle_request] (/Users/buduan/Projects/Lottery-Tool-2/backend-2/node_modules/.pnpm/express@4.21.2/node_modules/express/lib/router/layer.js:95:5)
    at next (/Users/buduan/Projects/Lottery-Tool-2/backend-2/node_modules/.pnpm/express@4.21.2/node_modules/express/lib/router/route.js:149:13)
    at middleware (/Users/buduan/Projects/Lottery-Tool-2/backend-2/node_modules/.pnpm/express-validator@7.2.1/node_modules/express-validator/lib/middlewares/check.js:16:13)
    at process.processTicksAndRejections (node:internal/process/task_queues:105:5)
2025-07-27 01:31:13 [ERROR]: CustomError: 参数格式错误
    at createError (/Users/buduan/Projects/Lottery-Tool-2/backend-2/src/utils/customError.js:48:10)
    at validateRequest (/Users/buduan/Projects/Lottery-Tool-2/backend-2/src/routes/admin/activities.js:17:17)
    at Layer.handle [as handle_request] (/Users/buduan/Projects/Lottery-Tool-2/backend-2/node_modules/.pnpm/express@4.21.2/node_modules/express/lib/router/layer.js:95:5)
    at next (/Users/buduan/Projects/Lottery-Tool-2/backend-2/node_modules/.pnpm/express@4.21.2/node_modules/express/lib/router/route.js:149:13)
    at middleware (/Users/buduan/Projects/Lottery-Tool-2/backend-2/node_modules/.pnpm/express-validator@7.2.1/node_modules/express-validator/lib/middlewares/check.js:16:13)
    at process.processTicksAndRejections (node:internal/process/task_queues:105:5)
2025-07-27 01:31:14 [ERROR]: CustomError: 参数格式错误
    at createError (/Users/buduan/Projects/Lottery-Tool-2/backend-2/src/utils/customError.js:48:10)
    at validateRequest (/Users/buduan/Projects/Lottery-Tool-2/backend-2/src/routes/admin/activities.js:17:17)
    at Layer.handle [as handle_request] (/Users/buduan/Projects/Lottery-Tool-2/backend-2/node_modules/.pnpm/express@4.21.2/node_modules/express/lib/router/layer.js:95:5)
    at next (/Users/buduan/Projects/Lottery-Tool-2/backend-2/node_modules/.pnpm/express@4.21.2/node_modules/express/lib/router/route.js:149:13)
    at middleware (/Users/buduan/Projects/Lottery-Tool-2/backend-2/node_modules/.pnpm/express-validator@7.2.1/node_modules/express-validator/lib/middlewares/check.js:16:13)
    at process.processTicksAndRejections (node:internal/process/task_queues:105:5)
2025-07-27 01:31:21 [ERROR]: CustomError: 参数格式错误
    at createError (/Users/buduan/Projects/Lottery-Tool-2/backend-2/src/utils/customError.js:48:10)
    at validateRequest (/Users/buduan/Projects/Lottery-Tool-2/backend-2/src/routes/admin/activities.js:17:17)
    at Layer.handle [as handle_request] (/Users/buduan/Projects/Lottery-Tool-2/backend-2/node_modules/.pnpm/express@4.21.2/node_modules/express/lib/router/layer.js:95:5)
    at next (/Users/buduan/Projects/Lottery-Tool-2/backend-2/node_modules/.pnpm/express@4.21.2/node_modules/express/lib/router/route.js:149:13)
    at middleware (/Users/buduan/Projects/Lottery-Tool-2/backend-2/node_modules/.pnpm/express-validator@7.2.1/node_modules/express-validator/lib/middlewares/check.js:16:13)
    at process.processTicksAndRejections (node:internal/process/task_queues:105:5)
2025-07-27 01:31:22 [ERROR]: CustomError: 参数格式错误
    at createError (/Users/buduan/Projects/Lottery-Tool-2/backend-2/src/utils/customError.js:48:10)
    at validateRequest (/Users/buduan/Projects/Lottery-Tool-2/backend-2/src/routes/admin/activities.js:17:17)
    at Layer.handle [as handle_request] (/Users/buduan/Projects/Lottery-Tool-2/backend-2/node_modules/.pnpm/express@4.21.2/node_modules/express/lib/router/layer.js:95:5)
    at next (/Users/buduan/Projects/Lottery-Tool-2/backend-2/node_modules/.pnpm/express@4.21.2/node_modules/express/lib/router/route.js:149:13)
    at middleware (/Users/buduan/Projects/Lottery-Tool-2/backend-2/node_modules/.pnpm/express-validator@7.2.1/node_modules/express-validator/lib/middlewares/check.js:16:13)
    at process.processTicksAndRejections (node:internal/process/task_queues:105:5)
2025-07-27 01:31:27 [ERROR]: CustomError: 参数格式错误
    at createError (/Users/buduan/Projects/Lottery-Tool-2/backend-2/src/utils/customError.js:48:10)
    at validateRequest (/Users/buduan/Projects/Lottery-Tool-2/backend-2/src/routes/admin/activities.js:17:17)
    at Layer.handle [as handle_request] (/Users/buduan/Projects/Lottery-Tool-2/backend-2/node_modules/.pnpm/express@4.21.2/node_modules/express/lib/router/layer.js:95:5)
    at next (/Users/buduan/Projects/Lottery-Tool-2/backend-2/node_modules/.pnpm/express@4.21.2/node_modules/express/lib/router/route.js:149:13)
    at middleware (/Users/buduan/Projects/Lottery-Tool-2/backend-2/node_modules/.pnpm/express-validator@7.2.1/node_modules/express-validator/lib/middlewares/check.js:16:13)
    at process.processTicksAndRejections (node:internal/process/task_queues:105:5)
2025-07-27 01:31:33 [ERROR]: CustomError: 参数格式错误
    at createError (/Users/buduan/Projects/Lottery-Tool-2/backend-2/src/utils/customError.js:48:10)
    at validateRequest (/Users/buduan/Projects/Lottery-Tool-2/backend-2/src/routes/admin/activities.js:17:17)
    at Layer.handle [as handle_request] (/Users/buduan/Projects/Lottery-Tool-2/backend-2/node_modules/.pnpm/express@4.21.2/node_modules/express/lib/router/layer.js:95:5)
    at next (/Users/buduan/Projects/Lottery-Tool-2/backend-2/node_modules/.pnpm/express@4.21.2/node_modules/express/lib/router/route.js:149:13)
    at middleware (/Users/buduan/Projects/Lottery-Tool-2/backend-2/node_modules/.pnpm/express-validator@7.2.1/node_modules/express-validator/lib/middlewares/check.js:16:13)
    at process.processTicksAndRejections (node:internal/process/task_queues:105:5)
2025-07-27 01:31:35 [ERROR]: CustomError: 参数格式错误
    at createError (/Users/buduan/Projects/Lottery-Tool-2/backend-2/src/utils/customError.js:48:10)
    at validateRequest (/Users/buduan/Projects/Lottery-Tool-2/backend-2/src/routes/admin/activities.js:17:17)
    at Layer.handle [as handle_request] (/Users/buduan/Projects/Lottery-Tool-2/backend-2/node_modules/.pnpm/express@4.21.2/node_modules/express/lib/router/layer.js:95:5)
    at next (/Users/buduan/Projects/Lottery-Tool-2/backend-2/node_modules/.pnpm/express@4.21.2/node_modules/express/lib/router/route.js:149:13)
    at middleware (/Users/buduan/Projects/Lottery-Tool-2/backend-2/node_modules/.pnpm/express-validator@7.2.1/node_modules/express-validator/lib/middlewares/check.js:16:13)
    at process.processTicksAndRejections (node:internal/process/task_queues:105:5)
2025-07-27 01:32:16 [ERROR]: CustomError: 抽奖码已使用
    at createError (/Users/buduan/Projects/Lottery-Tool-2/backend-2/src/utils/customError.js:48:10)
    at /Users/buduan/Projects/Lottery-Tool-2/backend-2/src/routes/lottery.js:236:13
    at process.processTicksAndRejections (node:internal/process/task_queues:105:5)
